PLINK v1.90b6.2 64-bit (12 Jun 2018)
Options in effect:
  --allow-extra-chr
  --allow-no-sex
  --bfile file3
  --extract indepSNP.prune.in
  --out albo
  --recode A

Hostname: LucianoCosme.wireless.yale.internal
Working directory: /Users/lucianocosme/Dropbox/Albopictus/manuscript_chip/data/no_autogenous/analysis/qc
Start time: Thu Jul 21 17:11:22 2022

Random number seed: 1658437882
32768 MB RAM detected; reserving 16384 MB for main workspace.
92693 variants loaded from .bim file.
380 people (70 males, 33 females, 277 ambiguous) loaded from .fam.
Ambiguous sex IDs written to albo.nosex .
--extract: 74583 variants remaining.
Using 1 thread (no multithreaded calculations invoked).
Before main variant filters, 380 founders and 0 nonfounders present.
Calculating allele frequencies... done.
Total genotyping rate is 0.977696.
74583 variants and 380 people pass filters and QC.
Note: No phenotypes present.
--recode A to albo.raw ... done.

End time: Thu Jul 21 17:11:23 2022
